0 info it worked if it ends with ok
1 verbose cli [ '/usr/bin/nodejs',
1 verbose cli   '/usr/bin/npm',
1 verbose cli   'install',
1 verbose cli   '-g',
1 verbose cli   '@angular/cli@1.5.2' ]
2 info using npm@1.3.10
3 info using node@v0.10.25
4 verbose cache add [ '@angular/cli@1.5.2', null ]
5 verbose cache add name=undefined spec="@angular/cli@1.5.2" args=["@angular/cli@1.5.2",null]
6 verbose parsed url { protocol: null,
6 verbose parsed url   slashes: null,
6 verbose parsed url   auth: null,
6 verbose parsed url   host: null,
6 verbose parsed url   port: null,
6 verbose parsed url   hostname: null,
6 verbose parsed url   hash: null,
6 verbose parsed url   search: null,
6 verbose parsed url   query: null,
6 verbose parsed url   pathname: '@angular/cli@1.5.2',
6 verbose parsed url   path: '@angular/cli@1.5.2',
6 verbose parsed url   href: '@angular/cli@1.5.2' }
7 verbose cache add name="" spec="angular/cli@1.5.2" args=["","angular/cli@1.5.2"]
8 verbose parsed url { protocol: null,
8 verbose parsed url   slashes: null,
8 verbose parsed url   auth: null,
8 verbose parsed url   host: null,
8 verbose parsed url   port: null,
8 verbose parsed url   hostname: null,
8 verbose parsed url   hash: null,
8 verbose parsed url   search: null,
8 verbose parsed url   query: null,
8 verbose parsed url   pathname: 'angular/cli@1.5.2',
8 verbose parsed url   path: 'angular/cli@1.5.2',
8 verbose parsed url   href: 'angular/cli@1.5.2' }
9 verbose cache add name="angular/cli" spec="1.5.2" args=["angular/cli","1.5.2"]
10 verbose parsed url { protocol: null,
10 verbose parsed url   slashes: null,
10 verbose parsed url   auth: null,
10 verbose parsed url   host: null,
10 verbose parsed url   port: null,
10 verbose parsed url   hostname: null,
10 verbose parsed url   hash: null,
10 verbose parsed url   search: null,
10 verbose parsed url   query: null,
10 verbose parsed url   pathname: '1.5.2',
10 verbose parsed url   path: '1.5.2',
10 verbose parsed url   href: '1.5.2' }
11 verbose addNamed [ 'angular/cli', '1.5.2' ]
12 verbose addNamed [ '1.5.2', '1.5.2' ]
13 silly lockFile e65148d9-angular-cli-1-5-2 angular/cli@1.5.2
14 verbose lock angular/cli@1.5.2 /root/.npm/e65148d9-angular-cli-1-5-2.lock
15 verbose url raw angular/cli/1.5.2
16 verbose url resolving [ 'https://registry.npmjs.org/', './angular/cli/1.5.2' ]
17 verbose url resolved https://registry.npmjs.org/angular/cli/1.5.2
18 info trying registry request attempt 1 at 12:35:27
19 http GET https://registry.npmjs.org/angular/cli/1.5.2
20 http 404 https://registry.npmjs.org/angular/cli/1.5.2
21 silly registry.get cb [ 404,
21 silly registry.get   { server: 'CouchDB/1.5.0 (Erlang OTP/R16B03)',
21 silly registry.get     'content-type': 'application/json',
21 silly registry.get     'cache-control': 'max-age=0',
21 silly registry.get     'content-length': '40',
21 silly registry.get     'accept-ranges': 'bytes',
21 silly registry.get     date: 'Mon, 29 Jan 2018 07:05:28 GMT',
21 silly registry.get     via: '1.1 varnish',
21 silly registry.get     age: '0',
21 silly registry.get     connection: 'keep-alive',
21 silly registry.get     'x-served-by': 'cache-sin18020-SIN',
21 silly registry.get     'x-cache': 'MISS',
21 silly registry.get     'x-cache-hits': '0',
21 silly registry.get     'x-timer': 'S1517209528.215243,VS0,VE221' } ]
22 silly lockFile e65148d9-angular-cli-1-5-2 angular/cli@1.5.2
23 silly lockFile e65148d9-angular-cli-1-5-2 angular/cli@1.5.2
24 error 404 'angular' is not in the npm registry.
24 error 404 You should bug the author to publish it
24 error 404
24 error 404 Note that you can also install from a
24 error 404 tarball, folder, or http url, or git url.
25 error System Linux 4.4.0-109-generic
26 error command "/usr/bin/nodejs" "/usr/bin/npm" "install" "-g" "@angular/cli@1.5.2"
27 error cwd /usr/local/google/home/ptumuluri/Documents/Phani/angular2-spring-boot
28 error node -v v0.10.25
29 error npm -v 1.3.10
30 error code E404
31 verbose exit [ 1, true ]
